<?xml version="1.0" encoding="UTF-8"?>
<!-- Generated by org.testng.reporters.JUnitReportReporter -->
<testsuite hostname="vkzoomin996" failures="0" tests="1" name="practice.ReadDatafromCmdVtiger" time="105.114" errors="0" timestamp="2023-07-28T17:45:28 IST" skipped="0">
  <testcase classname="practice.ReadDatafromCmdVtiger" name="readDatafromCmdVtiger" time="105.114"/>
  <system-out/>
</testsuite> <!-- practice.ReadDatafromCmdVtiger -->
