<?xml version="1.0" encoding="UTF-8"?>
<!-- Generated by org.testng.reporters.JUnitReportReporter -->
<testsuite hostname="vkzoomin996" failures="0" tests="1" name="TestNgPractice.Getlastrownum" time="0.529" errors="0" timestamp="2023-08-10T00:48:28 IST" skipped="0">
  <testcase classname="TestNgPractice.Getlastrownum" name="getdata" time="0.529"/>
  <system-out/>
</testsuite> <!-- TestNgPractice.Getlastrownum -->
