<?xml version="1.0" encoding="UTF-8"?>
<!-- Generated by org.testng.reporters.JUnitReportReporter -->
<testsuite hostname="vkzoomin996" failures="0" tests="1" name="practice.PTss" time="0.008" errors="0" timestamp="2023-11-30T13:27:30 IST" skipped="0">
  <testcase classname="practice.PTss" name="ebjh" time="0.008"/>
  <system-out>
    <![CDATA[10]]>
  </system-out>
</testsuite> <!-- practice.PTss -->
