<?xml version="1.0" encoding="UTF-8"?>
<!-- Generated by org.testng.reporters.JUnitReportReporter -->
<testsuite hostname="vkzoomin996" failures="0" tests="1" name="practice.Windo" time="2.423" errors="0" timestamp="2023-11-22T13:38:39 IST" skipped="0">
  <testcase classname="practice.Windo" name="jnc" time="2.423"/>
  <system-out/>
</testsuite> <!-- practice.Windo -->
