<?xml version="1.0" encoding="UTF-8"?>
<!-- Generated by org.testng.reporters.JUnitReportReporter -->
<testsuite hostname="vkzoomin996" failures="0" tests="3" name="TestNgPractice.DataProviderTest" time="0.007" errors="0" timestamp="2023-08-04T13:31:26 IST" skipped="0">
  <testcase classname="TestNgPractice.DataProviderTest" name="getData" time="0.005"/>
  <system-out/>
  <testcase classname="TestNgPractice.DataProviderTest" name="getData" time="0.001"/>
  <system-out/>
  <testcase classname="TestNgPractice.DataProviderTest" name="getData" time="0.001"/>
  <system-out/>
</testsuite> <!-- TestNgPractice.DataProviderTest -->
