<?xml version="1.0" encoding="UTF-8"?>
<!-- Generated by org.testng.reporters.JUnitReportReporter -->
<testsuite hostname="vkzoomin996" failures="0" tests="1" name="practice.Autosuggestion" time="4.641" errors="0" timestamp="2023-08-25T22:49:49 IST" skipped="0">
  <testcase classname="practice.Autosuggestion" name="autosuggestion1" time="4.641"/>
  <system-out/>
</testsuite> <!-- practice.Autosuggestion -->
