<?xml version="1.0" encoding="UTF-8"?>
<!-- Generated by org.testng.reporters.JUnitReportReporter -->
<testsuite hostname="vkzoomin996" failures="0" tests="1" name="com.Sms.GenericUtility.Ljfygffh" time="0.008" errors="0" timestamp="2023-11-23T16:19:10 IST" skipped="0">
  <testcase classname="com.Sms.GenericUtility.Ljfygffh" name="ffg" time="0.008"/>
  <system-out/>
</testsuite> <!-- com.Sms.GenericUtility.Ljfygffh -->
