<?xml version="1.0" encoding="UTF-8"?>
<!-- Generated by org.testng.reporters.JUnitReportReporter -->
<testsuite hostname="vkzoomin996" failures="0" tests="2" name="TestNgPractice.Parent_testcase_2" time="0.005" errors="0" timestamp="2023-08-17T19:41:43 IST" skipped="0">
  <testcase classname="TestNgPractice.Parent_testcase_2" name="create" time="0.002"/>
  <system-out/>
  <testcase classname="TestNgPractice.Parent_testcase_2" name="edit" time="0.003"/>
  <system-out/>
</testsuite> <!-- TestNgPractice.Parent_testcase_2 -->
