<?xml version="1.0" encoding="UTF-8"?>
<!-- Generated by org.testng.reporters.JUnitReportReporter -->
<testsuite hostname="vkzoomin996" failures="0" tests="1" name="TestNgPractice.DataProviderfromExcel" time="0.000" errors="0" timestamp="2023-08-09T22:34:40 IST" skipped="1">
  <testcase classname="TestNgPractice.DataProviderfromExcel" name="fetchdata" time="0.000">
    <skipped/>
  </testcase> <!-- fetchdata -->
  <system-out/>
</testsuite> <!-- TestNgPractice.DataProviderfromExcel -->
