<?xml version="1.0" encoding="UTF-8"?>
<!-- Generated by org.testng.reporters.JUnitReportReporter -->
<testsuite hostname="vkzoomin996" failures="0" tests="2" name="TestNgPractice.Orderofexcution" time="0.007" errors="0" timestamp="2023-08-09T22:16:07 IST" skipped="0">
  <testcase classname="TestNgPractice.Orderofexcution" name="config_TS" time="0.006"/>
  <system-out/>
  <testcase classname="TestNgPractice.Orderofexcution" name="config_TS1" time="0.001"/>
  <system-out/>
</testsuite> <!-- TestNgPractice.Orderofexcution -->
