<?xml version="1.0" encoding="UTF-8"?>
<!-- Generated by org.testng.reporters.JUnitReportReporter -->
<testsuite hostname="vkzoomin996" failures="0" tests="2" name="com.Sms.GenericUtility.JavaUtility" time="0.014" errors="0" timestamp="2023-10-20T19:07:25 IST" skipped="0">
  <testcase classname="com.Sms.GenericUtility.JavaUtility" name="convertnumintoString" time="0.012"/>
  <system-out/>
  <testcase classname="com.Sms.GenericUtility.JavaUtility" name="generateRandomchar" time="0.002"/>
  <system-out/>
</testsuite> <!-- com.Sms.GenericUtility.JavaUtility -->
