<?xml version="1.0" encoding="UTF-8"?>
<!-- Generated by org.testng.reporters.JUnitReportReporter -->
<testsuite hostname="vkzoomin996" failures="0" tests="1" name="practice.Javascriptspopups" time="19.531" errors="0" timestamp="2023-11-23T09:48:52 IST" skipped="0">
  <testcase classname="practice.Javascriptspopups" name="javascriptspopups" time="19.531"/>
  <system-out>
    <![CDATA[launch the browser]]>
  </system-out>
</testsuite> <!-- practice.Javascriptspopups -->
