<?xml version="1.0" encoding="UTF-8"?>
<!-- Generated by org.testng.reporters.JUnitReportReporter -->
<testsuite hostname="vkzoomin996" failures="0" tests="1" name="ParentModule.HandlingWindow" time="3.561" errors="0" timestamp="2023-11-22T14:45:13 IST" skipped="0">
  <testcase classname="ParentModule.HandlingWindow" name="deh" time="3.561"/>
  <system-out/>
</testsuite> <!-- ParentModule.HandlingWindow -->
