<?xml version="1.0" encoding="UTF-8"?>
<!-- Generated by org.testng.reporters.JUnitReportReporter -->
<testsuite hostname="vkzoomin996" failures="0" tests="1" name="AdminModule.CreateSubjectTest" time="35.837" errors="0" timestamp="2023-08-08T17:06:38 IST" skipped="0">
  <testcase classname="AdminModule.CreateSubjectTest" name="createSubjectTest" time="35.837"/>
  <system-out/>
</testsuite> <!-- AdminModule.CreateSubjectTest -->
