<?xml version="1.0" encoding="UTF-8"?>
<!-- Generated by org.testng.reporters.JUnitReportReporter -->
<testsuite hostname="vkzoomin996" failures="0" tests="6" name="TestNgPractice.Dataprovideraccess" time="0.007" errors="0" timestamp="2023-08-07T10:10:22 IST" skipped="0">
  <testcase classname="TestNgPractice.Dataprovideraccess" name="getData1" time="0.001"/>
  <system-out/>
  <testcase classname="TestNgPractice.Dataprovideraccess" name="getData1" time="0.001"/>
  <system-out/>
  <testcase classname="TestNgPractice.Dataprovideraccess" name="getData" time="0.001"/>
  <system-out/>
  <testcase classname="TestNgPractice.Dataprovideraccess" name="getData" time="0.003"/>
  <system-out/>
  <testcase classname="TestNgPractice.Dataprovideraccess" name="getData" time="0.001"/>
  <system-out/>
  <testcase classname="TestNgPractice.Dataprovideraccess" name="getData1" time="0.000"/>
  <system-out/>
</testsuite> <!-- TestNgPractice.Dataprovideraccess -->
