<?xml version="1.0" encoding="UTF-8"?>
<!-- Generated by org.testng.reporters.JUnitReportReporter -->
<testsuite hostname="vkzoomin996" failures="0" tests="1" name="TestNgPractice.DpAccesingGenricutility" time="0.000" errors="0" timestamp="2023-08-07T21:56:04 IST" skipped="1">
  <testcase classname="TestNgPractice.DpAccesingGenricutility" name="fetchdata" time="0.000">
    <skipped/>
  </testcase> <!-- fetchdata -->
  <system-out/>
</testsuite> <!-- TestNgPractice.DpAccesingGenricutility -->
