<?xml version="1.0" encoding="UTF-8"?>
<!-- Generated by org.testng.reporters.JUnitReportReporter -->
<testsuite hostname="vkzoomin996" failures="0" tests="1" name="ParentModule.MyPaymentandinvoiceTest" time="3.322" errors="0" timestamp="2023-08-08T17:06:38 IST" skipped="0">
  <testcase classname="ParentModule.MyPaymentandinvoiceTest" name="myPaymentandinvoiceTest" time="3.322"/>
  <system-out/>
</testsuite> <!-- ParentModule.MyPaymentandinvoiceTest -->
