<?xml version="1.0" encoding="UTF-8"?>
<!-- Generated by org.testng.reporters.JUnitReportReporter -->
<testsuite hostname="vkzoomin996" failures="0" tests="6" name="TestNgPractice.TestngPrac" time="0.012" errors="0" timestamp="2023-08-09T22:14:38 IST" skipped="0">
  <testcase classname="TestNgPractice.TestngPrac" name="CreateTest" time="0.007"/>
  <system-out/>
  <testcase classname="TestNgPractice.TestngPrac" name="createTest" time="0.001"/>
  <system-out/>
  <testcase classname="TestNgPractice.TestngPrac" name="editTest" time="0.001"/>
  <system-out/>
  <testcase classname="TestNgPractice.TestngPrac" name="editTest" time="0.001"/>
  <system-out/>
  <testcase classname="TestNgPractice.TestngPrac" name="renameTest" time="0.001"/>
  <system-out/>
  <testcase classname="TestNgPractice.TestngPrac" name="deleteTest" time="0.001"/>
  <system-out/>
</testsuite> <!-- TestNgPractice.TestngPrac -->
