<?xml version="1.0" encoding="UTF-8"?>
<!-- Generated by org.testng.reporters.JUnitReportReporter -->
<testsuite hostname="vkzoomin996" failures="0" tests="2" name="TestNgPractice.Parent_testcase_4" time="0.005" errors="0" timestamp="2023-08-09T22:09:27 IST" skipped="0">
  <testcase classname="TestNgPractice.Parent_testcase_4" name="mmmmmreate" time="0.002"/>
  <system-out/>
  <testcase classname="TestNgPractice.Parent_testcase_4" name="edit" time="0.003"/>
  <system-out/>
</testsuite> <!-- TestNgPractice.Parent_testcase_4 -->
