<?xml version="1.0" encoding="UTF-8"?>
<!-- Generated by org.testng.reporters.JUnitReportReporter -->
<testsuite hostname="vkzoomin996" failures="0" tests="1" name="TeacherModule.UpdateMyStudentTest" time="11.849" errors="0" timestamp="2023-08-08T17:06:38 IST" skipped="0">
  <testcase classname="TeacherModule.UpdateMyStudentTest" name="updateMyStudentTest" time="11.849"/>
  <system-out/>
</testsuite> <!-- TeacherModule.UpdateMyStudentTest -->
