<?xml version="1.0" encoding="UTF-8"?>
<!-- Generated by org.testng.reporters.JUnitReportReporter -->
<testsuite hostname="vkzoomin996" failures="0" tests="1" name="com.Sms.GenericUtility.Ljfygffh" time="0.005" errors="0" timestamp="2023-12-06T07:55:14 IST" skipped="0">
  <testcase classname="com.Sms.GenericUtility.Ljfygffh" name="ffg" time="0.005"/>
  <system-out/>
</testsuite> <!-- com.Sms.GenericUtility.Ljfygffh -->
