<?xml version="1.0" encoding="UTF-8"?>
<!-- Generated by org.testng.reporters.JUnitReportReporter -->
<testsuite hostname="vkzoomin996" failures="0" tests="1" name="TeacherModule.AddStudentDataTest" time="5.816" errors="0" timestamp="2023-08-08T17:06:38 IST" skipped="0">
  <testcase classname="TeacherModule.AddStudentDataTest" name="addStudentDataTest" time="5.816"/>
  <system-out/>
</testsuite> <!-- TeacherModule.AddStudentDataTest -->
