<?xml version="1.0" encoding="UTF-8"?>
<!-- Generated by org.testng.reporters.JUnitReportReporter -->
<testsuite hostname="vkzoomin996" failures="0" tests="3" name="TestNgPractice.Parent_testcase_01" time="0.016" errors="0" timestamp="2023-08-17T19:41:43 IST" skipped="0">
  <testcase classname="TestNgPractice.Parent_testcase_01" name="delete" time="0.012"/>
  <system-out/>
  <testcase classname="TestNgPractice.Parent_testcase_01" name="rename" time="0.002"/>
  <system-out/>
  <testcase classname="TestNgPractice.Parent_testcase_01" name="update" time="0.002"/>
  <system-out/>
</testsuite> <!-- TestNgPractice.Parent_testcase_01 -->
